app/build/intermediates/manifest_merge_blame_file/debug/manifest-merger-blame-debug-report.txt
1<?xml version="1.0" encoding="utf-8"?>
2<manifest xmlns:android="http://schemas.android.com/apk/res/android"
3    package="com.example.asknonim"
4    android:versionCode="1"
5    android:versionName="1.0" >
6
7    <uses-sdk
8        android:minSdkVersion="16"
8-->src\main\AndroidManifest.xml
9        android:targetSdkVersion="30" />
9-->src\main\AndroidManifest.xml
10    <!-- Izin Internet (Internet Permission -->
11    <uses-permission android:name="android.permission.INTERNET" />
11-->src\main\AndroidManifest.xml:5:5-67
11-->src\main\AndroidManifest.xml:5:22-64
12    <uses-permission android:name="android.permission.CAMERA" />
12-->src\main\AndroidManifest.xml:6:5-65
12-->src\main\AndroidManifest.xml:6:22-62
13    <uses-permission android:name="android.permission.WRITE_EXTERNAL_STORAGE" />
13-->src\main\AndroidManifest.xml:7:5-81
13-->src\main\AndroidManifest.xml:7:22-78
14    <uses-permission android:name="android.permission.ACCESS_NETWORK_STATE" />
14-->[com.google.firebase:firebase-auth:20.0.1] AndroidManifest.xml:24:5-79
14-->[com.google.firebase:firebase-auth:20.0.1] AndroidManifest.xml:24:22-76
15
16    <application
16-->src\main\AndroidManifest.xml:9:5-27:19
17        android:allowBackup="true"
17-->src\main\AndroidManifest.xml:10:9-35
18        android:appComponentFactory="androidx.core.app.CoreComponentFactory"
18-->[androidx.core:core:1.3.1] AndroidManifest.xml:24:18-86
19        android:debuggable="true"
20        android:icon="@mipmap/ic_launcher"
20-->src\main\AndroidManifest.xml:11:9-43
21        android:label="@string/app_name"
21-->src\main\AndroidManifest.xml:12:9-41
22        android:roundIcon="@mipmap/ic_launcher_round"
22-->src\main\AndroidManifest.xml:13:9-54
23        android:supportsRtl="true"
23-->src\main\AndroidManifest.xml:14:9-35
24        android:testOnly="true"
25        android:theme="@style/Theme.Asknonim" >
25-->src\main\AndroidManifest.xml:15:9-46
26        <activity android:name="com.example.asknonim.GroupCreateActivity" />
26-->src\main\AndroidManifest.xml:16:9-57
26-->src\main\AndroidManifest.xml:16:19-54
27        <activity android:name="com.example.asknonim.LoginActivity" />
27-->src\main\AndroidManifest.xml:17:9-51
27-->src\main\AndroidManifest.xml:17:19-48
28        <activity android:name="com.example.asknonim.DashboardActivity" >
28-->src\main\AndroidManifest.xml:18:9-24:20
28-->src\main\AndroidManifest.xml:18:19-52
29            <intent-filter>
29-->src\main\AndroidManifest.xml:19:13-23:29
30                <action android:name="android.intent.action.MAIN" />
30-->src\main\AndroidManifest.xml:20:17-69
30-->src\main\AndroidManifest.xml:20:25-66
31
32                <category android:name="android.intent.category.LAUNCHER" />
32-->src\main\AndroidManifest.xml:22:17-77
32-->src\main\AndroidManifest.xml:22:27-74
33            </intent-filter>
34        </activity>
35        <activity android:name="com.example.asknonim.RegisterActivity" />
35-->src\main\AndroidManifest.xml:25:9-54
35-->src\main\AndroidManifest.xml:25:19-51
36        <activity android:name="com.example.asknonim.MainActivity" />
36-->src\main\AndroidManifest.xml:26:9-50
36-->src\main\AndroidManifest.xml:26:19-47
37        <activity
37-->[com.google.firebase:firebase-auth:20.0.1] AndroidManifest.xml:27:9-44:20
38            android:name="com.google.firebase.auth.internal.GenericIdpActivity"
38-->[com.google.firebase:firebase-auth:20.0.1] AndroidManifest.xml:28:13-80
39            android:excludeFromRecents="true"
39-->[com.google.firebase:firebase-auth:20.0.1] AndroidManifest.xml:29:13-46
40            android:exported="true"
40-->[com.google.firebase:firebase-auth:20.0.1] AndroidManifest.xml:30:13-36
41            android:launchMode="singleTask"
41-->[com.google.firebase:firebase-auth:20.0.1] AndroidManifest.xml:31:13-44
42            android:theme="@android:style/Theme.Translucent.NoTitleBar" >
42-->[com.google.firebase:firebase-auth:20.0.1] AndroidManifest.xml:32:13-72
43            <intent-filter>
43-->[com.google.firebase:firebase-auth:20.0.1] AndroidManifest.xml:33:13-43:29
44                <action android:name="android.intent.action.VIEW" />
44-->[com.google.firebase:firebase-auth:20.0.1] AndroidManifest.xml:34:17-69
44-->[com.google.firebase:firebase-auth:20.0.1] AndroidManifest.xml:34:25-66
45
46                <category android:name="android.intent.category.DEFAULT" />
46-->[com.google.firebase:firebase-auth:20.0.1] AndroidManifest.xml:36:17-76
46-->[com.google.firebase:firebase-auth:20.0.1] AndroidManifest.xml:36:27-73
47                <category android:name="android.intent.category.BROWSABLE" />
47-->[com.google.firebase:firebase-auth:20.0.1] AndroidManifest.xml:37:17-78
47-->[com.google.firebase:firebase-auth:20.0.1] AndroidManifest.xml:37:27-75
48
49                <data
49-->[com.google.firebase:firebase-auth:20.0.1] AndroidManifest.xml:39:17-42:51
50                    android:host="firebase.auth"
50-->[com.google.firebase:firebase-auth:20.0.1] AndroidManifest.xml:40:21-49
51                    android:path="/"
51-->[com.google.firebase:firebase-auth:20.0.1] AndroidManifest.xml:41:21-37
52                    android:scheme="genericidp" />
52-->[com.google.firebase:firebase-auth:20.0.1] AndroidManifest.xml:42:21-48
53            </intent-filter>
54        </activity>
55        <activity
55-->[com.google.firebase:firebase-auth:20.0.1] AndroidManifest.xml:45:9-62:20
56            android:name="com.google.firebase.auth.internal.RecaptchaActivity"
56-->[com.google.firebase:firebase-auth:20.0.1] AndroidManifest.xml:46:13-79
57            android:excludeFromRecents="true"
57-->[com.google.firebase:firebase-auth:20.0.1] AndroidManifest.xml:47:13-46
58            android:exported="true"
58-->[com.google.firebase:firebase-auth:20.0.1] AndroidManifest.xml:48:13-36
59            android:launchMode="singleTask"
59-->[com.google.firebase:firebase-auth:20.0.1] AndroidManifest.xml:49:13-44
60            android:theme="@android:style/Theme.Translucent.NoTitleBar" >
60-->[com.google.firebase:firebase-auth:20.0.1] AndroidManifest.xml:50:13-72
61            <intent-filter>
61-->[com.google.firebase:firebase-auth:20.0.1] AndroidManifest.xml:51:13-61:29
62                <action android:name="android.intent.action.VIEW" />
62-->[com.google.firebase:firebase-auth:20.0.1] AndroidManifest.xml:34:17-69
62-->[com.google.firebase:firebase-auth:20.0.1] AndroidManifest.xml:34:25-66
63
64                <category android:name="android.intent.category.DEFAULT" />
64-->[com.google.firebase:firebase-auth:20.0.1] AndroidManifest.xml:36:17-76
64-->[com.google.firebase:firebase-auth:20.0.1] AndroidManifest.xml:36:27-73
65                <category android:name="android.intent.category.BROWSABLE" />
65-->[com.google.firebase:firebase-auth:20.0.1] AndroidManifest.xml:37:17-78
65-->[com.google.firebase:firebase-auth:20.0.1] AndroidManifest.xml:37:27-75
66
67                <data
67-->[com.google.firebase:firebase-auth:20.0.1] AndroidManifest.xml:39:17-42:51
68                    android:host="firebase.auth"
68-->[com.google.firebase:firebase-auth:20.0.1] AndroidManifest.xml:40:21-49
69                    android:path="/"
69-->[com.google.firebase:firebase-auth:20.0.1] AndroidManifest.xml:41:21-37
70                    android:scheme="recaptcha" />
70-->[com.google.firebase:firebase-auth:20.0.1] AndroidManifest.xml:42:21-48
71            </intent-filter>
72        </activity>
73
74        <service
74-->[com.google.firebase:firebase-auth:20.0.1] AndroidManifest.xml:64:9-73:19
75            android:name="com.google.firebase.auth.api.fallback.service.FirebaseAuthFallbackService"
75-->[com.google.firebase:firebase-auth:20.0.1] AndroidManifest.xml:65:13-101
76            android:enabled="true"
76-->[com.google.firebase:firebase-auth:20.0.1] AndroidManifest.xml:66:13-35
77            android:exported="false" >
77-->[com.google.firebase:firebase-auth:20.0.1] AndroidManifest.xml:67:13-37
78            <intent-filter>
78-->[com.google.firebase:firebase-auth:20.0.1] AndroidManifest.xml:68:13-72:29
79                <action android:name="com.google.firebase.auth.api.gms.service.START" />
79-->[com.google.firebase:firebase-auth:20.0.1] AndroidManifest.xml:69:17-89
79-->[com.google.firebase:firebase-auth:20.0.1] AndroidManifest.xml:69:25-86
80
81                <category android:name="android.intent.category.DEFAULT" />
81-->[com.google.firebase:firebase-auth:20.0.1] AndroidManifest.xml:36:17-76
81-->[com.google.firebase:firebase-auth:20.0.1] AndroidManifest.xml:36:27-73
82            </intent-filter>
83        </service>
84        <service
84-->[com.google.firebase:firebase-auth:20.0.1] AndroidManifest.xml:74:9-80:19
85            android:name="com.google.firebase.components.ComponentDiscoveryService"
85-->[com.google.firebase:firebase-auth:20.0.1] AndroidManifest.xml:75:13-84
86            android:directBootAware="true"
86-->[com.google.firebase:firebase-common:19.4.0] AndroidManifest.xml:35:13-43
87            android:exported="false" >
87-->[com.google.firebase:firebase-auth:20.0.1] AndroidManifest.xml:76:13-37
88            <meta-data
88-->[com.google.firebase:firebase-auth:20.0.1] AndroidManifest.xml:77:13-79:85
89                android:name="com.google.firebase.components:com.google.firebase.auth.FirebaseAuthRegistrar"
89-->[com.google.firebase:firebase-auth:20.0.1] AndroidManifest.xml:78:17-109
90                android:value="com.google.firebase.components.ComponentRegistrar" />
90-->[com.google.firebase:firebase-auth:20.0.1] AndroidManifest.xml:79:17-82
91            <meta-data
91-->[com.google.firebase:firebase-database:19.5.1] AndroidManifest.xml:32:13-34:85
92                android:name="com.google.firebase.components:com.google.firebase.database.DatabaseRegistrar"
92-->[com.google.firebase:firebase-database:19.5.1] AndroidManifest.xml:33:17-109
93                android:value="com.google.firebase.components.ComponentRegistrar" />
93-->[com.google.firebase:firebase-database:19.5.1] AndroidManifest.xml:34:17-82
94            <meta-data
94-->[com.google.firebase:firebase-storage:19.2.0] AndroidManifest.xml:33:13-35:85
95                android:name="com.google.firebase.components:com.google.firebase.storage.StorageRegistrar"
95-->[com.google.firebase:firebase-storage:19.2.0] AndroidManifest.xml:34:17-107
96                android:value="com.google.firebase.components.ComponentRegistrar" />
96-->[com.google.firebase:firebase-storage:19.2.0] AndroidManifest.xml:35:17-82
97        </service>
98
99        <provider
99-->[com.squareup.picasso:picasso:2.71828] AndroidManifest.xml:8:9-11:40
100            android:name="com.squareup.picasso.PicassoProvider"
100-->[com.squareup.picasso:picasso:2.71828] AndroidManifest.xml:9:13-64
101            android:authorities="com.example.asknonim.com.squareup.picasso"
101-->[com.squareup.picasso:picasso:2.71828] AndroidManifest.xml:10:13-72
102            android:exported="false" />
102-->[com.squareup.picasso:picasso:2.71828] AndroidManifest.xml:11:13-37
103
104        <activity
104-->[com.google.android.gms:play-services-base:17.1.0] AndroidManifest.xml:23:9-26:75
105            android:name="com.google.android.gms.common.api.GoogleApiActivity"
105-->[com.google.android.gms:play-services-base:17.1.0] AndroidManifest.xml:24:13-79
106            android:exported="false"
106-->[com.google.android.gms:play-services-base:17.1.0] AndroidManifest.xml:25:13-37
107            android:theme="@android:style/Theme.Translucent.NoTitleBar" />
107-->[com.google.android.gms:play-services-base:17.1.0] AndroidManifest.xml:26:13-72
108
109        <provider
109-->[com.google.firebase:firebase-common:19.4.0] AndroidManifest.xml:26:9-31:39
110            android:name="com.google.firebase.provider.FirebaseInitProvider"
110-->[com.google.firebase:firebase-common:19.4.0] AndroidManifest.xml:27:13-77
111            android:authorities="com.example.asknonim.firebaseinitprovider"
111-->[com.google.firebase:firebase-common:19.4.0] AndroidManifest.xml:28:13-72
112            android:directBootAware="true"
112-->[com.google.firebase:firebase-common:19.4.0] AndroidManifest.xml:29:13-43
113            android:exported="false"
113-->[com.google.firebase:firebase-common:19.4.0] AndroidManifest.xml:30:13-37
114            android:initOrder="100" />
114-->[com.google.firebase:firebase-common:19.4.0] AndroidManifest.xml:31:13-36
115
116        <meta-data
116-->[com.google.android.gms:play-services-basement:17.1.0] AndroidManifest.xml:23:9-25:69
117            android:name="com.google.android.gms.version"
117-->[com.google.android.gms:play-services-basement:17.1.0] AndroidManifest.xml:24:13-58
118            android:value="@integer/google_play_services_version" />
118-->[com.google.android.gms:play-services-basement:17.1.0] AndroidManifest.xml:25:13-66
119    </application>
120
121</manifest>